19:27:42,804 root INFO Running TermApi...
19:27:59,412 root INFO Running TermApi...
19:32:51,291 root INFO Running TermApi...
19:33:23,244 root INFO Running TermApi...
19:33:23,245 TermApi ERROR Errors with termux-telephony-deviceinfo
19:34:36,671 root INFO Running TermApi...
19:43:02,910 root INFO Running TermApi...
19:43:10,454 root INFO Running TermApi...
19:51:37,127 root INFO Running TermApi...
19:52:21,986 root INFO Running TermApi...
19:53:02,807 root INFO Running TermApi...
19:53:11,598 root INFO Running TermApi...
21:33:40,630 root INFO Running TermApi...
21:33:59,90 root INFO Running TermApi...
21:34:29,479 root INFO Running TermApi...
21:35:24,378 root INFO Running TermApi...
21:35:51,573 root INFO Running TermApi...
21:35:51,574 TermApi ERROR Error accessing termux-telephony-devic    einfo
21:36:34,15 root INFO Running TermApi...
21:36:35,791 TermApi ERROR Error accessing termux-telephony-deviceinfo
21:37:34,173 root INFO Running TermApi...
21:38:02,348 root INFO Running TermApi...
21:39:10,939 root INFO Running TermApi...
21:39:45,446 root INFO Running TermApi...
21:40:12,24 root INFO Running TermApi...
21:40:52,759 root INFO Running TermApi...
21:41:22,27 root INFO Running TermApi...
21:53:03,371 root INFO Running TermApi...
21:53:36,246 root INFO Running TermApi...
21:53:45,562 root INFO Running TermApi...
21:54:06,392 root INFO Running TermApi...
21:54:27,798 root INFO Running TermApi...
22:02:09,442 root INFO Running TermApi...
22:02:38,619 root INFO Running TermApi...
22:15:48,765 root INFO Running TermApi...
22:16:15,194 root INFO Running TermApi...
22:16:53,824 root INFO Running TermApi...
22:17:14,395 root INFO Running TermApi...
22:17:33,250 root INFO Running TermApi...
22:20:23,996 root INFO Running TermApi...
22:20:46,51 root INFO Running TermApi...
22:42:21,168 root INFO Running TermApi...
22:42:40,186 root INFO Running TermApi...
22:42:43,345 TermApi ERROR Error acessing termux-toast
22:44:05,127 root INFO Running TermApi...
22:44:08,300 TermApi ERROR Error acessing termux-toast
22:47:00,401 root INFO Running TermApi...
22:47:03,535 TermApi ERROR Error acessing termux-toast
22:51:37,612 root INFO Running TermApi...
22:51:40,758 TermApi ERROR Error acessing termux-toast
22:52:16,30 root INFO Running TermApi...
22:52:20,380 TermApi ERROR Error acessing termux-toast
22:53:06,721 root INFO Running TermApi...
22:53:09,874 TermApi ERROR Error acessing termux-toast
22:54:01,908 root INFO Running TermApi...
22:54:43,403 root INFO Running TermApi...
22:54:46,549 TermApi ERROR Error acessing termux-toast
22:56:01,961 root INFO Running TermApi...
22:56:05,109 TermApi ERROR Error acessing termux-toast
22:56:17,180 root INFO Running TermApi...
22:56:20,320 TermApi ERROR Error acessing termux-toast
22:56:59,654 root INFO Running TermApi...
22:57:34,784 root INFO Running TermApi...
23:02:43,267 root INFO Running TermApi...
23:03:07,210 TermApi ERROR Error acessing termux-toast
23:05:11,127 root INFO Running TermApi...
23:05:19,811 TermApi ERROR Error acessing termux-toast
23:06:07,860 root INFO Running TermApi...
23:06:34,256 root INFO Running TermApi...
23:08:45,417 root INFO Running TermApi...
23:09:13,826 root INFO Running TermApi...
